<?xml version="1.0" encoding="UTF-8"?>
<!-- Generated by org.testng.reporters.JUnitReportReporter -->
<testsuite hostname="DESKTOP-LLLGMOJ" failures="0" tests="1" name="day3.apitesting.Example1" time="3.862" errors="0" timestamp="2024-10-27T17:44:26 IST" skipped="0">
  <testcase classname="day3.apitesting.Example1" name="testUserCreation" time="3.862"/>
</testsuite> <!-- day3.apitesting.Example1 -->
