<?xml version="1.0" encoding="UTF-8"?>
<!-- Generated by org.testng.reporters.JUnitReportReporter -->
<testsuite hostname="DESKTOP-LLLGMOJ" failures="0" tests="1" name="day2.jsonAndSerializationPojo.Example1" time="0.037" errors="0" timestamp="2024-10-27T16:23:33 IST" skipped="0">
  <testcase classname="day2.jsonAndSerializationPojo.Example1" name="jsonObjectIntoJsonArray" time="0.037"/>
</testsuite> <!-- day2.jsonAndSerializationPojo.Example1 -->
