<?xml version="1.0" encoding="UTF-8"?>
<!-- Generated by org.testng.reporters.JUnitReportReporter -->
<testsuite hostname="DESKTOP-LLLGMOJ" failures="0" tests="1" name="day1.jsonpractice.Example1" time="0.033" errors="0" timestamp="2024-10-25T22:09:16 IST" skipped="0">
  <testcase classname="day1.jsonpractice.Example1" name="testStringIntoJSONObject" time="0.033"/>
</testsuite> <!-- day1.jsonpractice.Example1 -->
