<?xml version="1.0" encoding="UTF-8"?>
<!-- Generated by org.testng.reporters.JUnitReportReporter -->
<testsuite hostname="DESKTOP-LLLGMOJ" failures="0" tests="1" name="day2.jsonAndSerializationPojo.StoreJSONStringIntoFile" time="0.029" errors="0" timestamp="2024-10-27T16:41:38 IST" skipped="0">
  <testcase classname="day2.jsonAndSerializationPojo.StoreJSONStringIntoFile" name="testCase1" time="0.029"/>
</testsuite> <!-- day2.jsonAndSerializationPojo.StoreJSONStringIntoFile -->
